<?xml version="1.0" encoding="UTF-8"?>
<!-- Generated by org.testng.reporters.JUnitXMLReporter -->
<testsuite ignored="0" hostname="SS-Laptop" failures="0" tests="5" name="Default test" time="9.469" errors="0" timestamp="2025-05-14T17:12:02 EDT">
  <testcase classname="testCases.TC02_Login" name="testLogin" time="1.4"/>
  <testcase classname="testCases.TC02_Login" name="testLogin" time="0.864"/>
  <testcase classname="testCases.TC02_Login" name="testLogin" time="0.891"/>
  <testcase classname="testCases.TC02_Login" name="testLogin" time="0.911"/>
  <testcase classname="testCases.TC02_Login" name="testLogin" time="0.876"/>
</testsuite> <!-- Default test -->
