<?xml version="1.0" encoding="UTF-8"?>
<!-- Generated by org.testng.reporters.JUnitXMLReporter -->
<testsuite ignored="0" hostname="SS-Laptop" failures="0" tests="9" name="chromeTest" time="100.386" errors="0" timestamp="2025-05-19T22:44:01 EDT">
  <testcase classname="testCases.TC04_CompletePurchase_SidCode" name="addToCart" time="68.97"/>
  <testcase classname="testCases.TC01_LaunchApplication" name="testLaunchApplication" time="0.021"/>
  <testcase classname="testCases.TC03_AddToCart" name="addToCart" time="3.551"/>
  <testcase classname="testCases.TC06_AddAffiliate" name="testAddAffiliate" time="3.799"/>
  <testcase classname="testCases.TC02_Login" name="testLogin" time="1.766"/>
  <testcase classname="testCases.TC02_Login" name="testLogin" time="1.611"/>
  <testcase classname="testCases.TC02_Login" name="testLogin" time="1.539"/>
  <testcase classname="testCases.TC02_Login" name="testLogin" time="1.609"/>
  <testcase classname="testCases.TC02_Login" name="testLogin" time="1.585"/>
</testsuite> <!-- chromeTest -->
