<?xml version="1.0" encoding="UTF-8"?>
<!-- Generated by org.testng.reporters.JUnitXMLReporter -->
<testsuite ignored="0" hostname="SS-Laptop" failures="0" tests="9" name="edgeTest" time="106.022" errors="0" timestamp="2025-05-19T22:44:06 EDT">
  <testcase classname="testCases.TC04_CompletePurchase_SidCode" name="addToCart" time="69.832"/>
  <testcase classname="testCases.TC01_LaunchApplication" name="testLaunchApplication" time="0.018"/>
  <testcase classname="testCases.TC03_AddToCart" name="addToCart" time="4.056"/>
  <testcase classname="testCases.TC06_AddAffiliate" name="testAddAffiliate" time="4.018"/>
  <testcase classname="testCases.TC02_Login" name="testLogin" time="1.652"/>
  <testcase classname="testCases.TC02_Login" name="testLogin" time="1.375"/>
  <testcase classname="testCases.TC02_Login" name="testLogin" time="1.666"/>
  <testcase classname="testCases.TC02_Login" name="testLogin" time="1.593"/>
  <testcase classname="testCases.TC02_Login" name="testLogin" time="1.548"/>
</testsuite> <!-- edgeTest -->
