<?xml version="1.0" encoding="UTF-8"?>
<!-- Generated by org.testng.reporters.JUnitXMLReporter -->
<testsuite ignored="0" hostname="SS-Laptop" failures="0" tests="9" name="firefoxTest" time="111.285" errors="0" timestamp="2025-05-19T22:44:12 EDT">
  <testcase classname="testCases.TC04_CompletePurchase_SidCode" name="addToCart" time="68.142"/>
  <testcase classname="testCases.TC01_LaunchApplication" name="testLaunchApplication" time="0.017"/>
  <testcase classname="testCases.TC03_AddToCart" name="addToCart" time="3.507"/>
  <testcase classname="testCases.TC06_AddAffiliate" name="testAddAffiliate" time="4.033"/>
  <testcase classname="testCases.TC02_Login" name="testLogin" time="1.6"/>
  <testcase classname="testCases.TC02_Login" name="testLogin" time="1.333"/>
  <testcase classname="testCases.TC02_Login" name="testLogin" time="1.218"/>
  <testcase classname="testCases.TC02_Login" name="testLogin" time="1.213"/>
  <testcase classname="testCases.TC02_Login" name="testLogin" time="1.218"/>
</testsuite> <!-- firefoxTest -->
