<?xml version="1.0" encoding="UTF-8"?>
<!-- Generated by org.testng.reporters.JUnitXMLReporter -->
<testsuite ignored="0" hostname="SS-Laptop" failures="0" tests="9" name="Test" time="35.975" errors="0" timestamp="2025-05-14T18:16:17 EDT">
  <testcase classname="testCases.TC04_CompletePurchase_SidCode" name="addToCart" time="7.289"/>
  <testcase classname="testCases.TC01_LaunchApplication" name="testLaunchApplication" time="0.018"/>
  <testcase classname="testCases.TC03_AddToCart" name="addToCart" time="3.07"/>
  <testcase classname="testCases.TC06_AddAffiliate" name="testAddAffiliate" time="3.047"/>
  <testcase classname="testCases.TC02_Login" name="testLogin" time="1.19"/>
  <testcase classname="testCases.TC02_Login" name="testLogin" time="0.861"/>
  <testcase classname="testCases.TC02_Login" name="testLogin" time="0.965"/>
  <testcase classname="testCases.TC02_Login" name="testLogin" time="0.865"/>
  <testcase classname="testCases.TC02_Login" name="testLogin" time="0.994"/>
</testsuite> <!-- Test -->
