<?xml version="1.0" encoding="UTF-8"?>
<!-- Generated by org.testng.reporters.JUnitXMLReporter -->
<testsuite ignored="0" hostname="SS-Laptop" failures="0" tests="9" name="chromeTest" time="101.114" errors="0" timestamp="2025-05-20T15:56:44 EDT">
  <testcase classname="testCases.TC04_CompletePurchase_SidCode" name="addToCart" time="69.518"/>
  <testcase classname="testCases.TC01_LaunchApplication" name="testLaunchApplication" time="0.018"/>
  <testcase classname="testCases.TC03_AddToCart" name="addToCart" time="3.568"/>
  <testcase classname="testCases.TC06_AddAffiliate" name="testAddAffiliate" time="4.319"/>
  <testcase classname="testCases.TC02_Login" name="testLogin" time="1.741"/>
  <testcase classname="testCases.TC02_Login" name="testLogin" time="1.823"/>
  <testcase classname="testCases.TC02_Login" name="testLogin" time="1.34"/>
  <testcase classname="testCases.TC02_Login" name="testLogin" time="1.57"/>
  <testcase classname="testCases.TC02_Login" name="testLogin" time="1.867"/>
</testsuite> <!-- chromeTest -->
