<?xml version="1.0" encoding="UTF-8"?>
<!-- Generated by org.testng.reporters.JUnitXMLReporter -->
<testsuite ignored="0" hostname="SS-Laptop" failures="0" tests="9" name="edgeTest" time="105.527" errors="0" timestamp="2025-05-20T15:56:47 EDT">
  <testcase classname="testCases.TC04_CompletePurchase_SidCode" name="addToCart" time="69.183"/>
  <testcase classname="testCases.TC01_LaunchApplication" name="testLaunchApplication" time="0.02"/>
  <testcase classname="testCases.TC03_AddToCart" name="addToCart" time="3.807"/>
  <testcase classname="testCases.TC06_AddAffiliate" name="testAddAffiliate" time="4.104"/>
  <testcase classname="testCases.TC02_Login" name="testLogin" time="1.642"/>
  <testcase classname="testCases.TC02_Login" name="testLogin" time="1.438"/>
  <testcase classname="testCases.TC02_Login" name="testLogin" time="1.613"/>
  <testcase classname="testCases.TC02_Login" name="testLogin" time="1.574"/>
  <testcase classname="testCases.TC02_Login" name="testLogin" time="1.649"/>
</testsuite> <!-- edgeTest -->
