<?xml version="1.0" encoding="UTF-8"?>
<!-- Generated by org.testng.reporters.JUnitXMLReporter -->
<testsuite ignored="0" hostname="SS-Laptop" failures="0" tests="9" name="firefoxTest" time="110.942" errors="0" timestamp="2025-05-20T15:56:53 EDT">
  <testcase classname="testCases.TC04_CompletePurchase_SidCode" name="addToCart" time="68.771"/>
  <testcase classname="testCases.TC01_LaunchApplication" name="testLaunchApplication" time="0.049"/>
  <testcase classname="testCases.TC03_AddToCart" name="addToCart" time="3.574"/>
  <testcase classname="testCases.TC06_AddAffiliate" name="testAddAffiliate" time="3.737"/>
  <testcase classname="testCases.TC02_Login" name="testLogin" time="1.659"/>
  <testcase classname="testCases.TC02_Login" name="testLogin" time="1.467"/>
  <testcase classname="testCases.TC02_Login" name="testLogin" time="1.312"/>
  <testcase classname="testCases.TC02_Login" name="testLogin" time="1.233"/>
  <testcase classname="testCases.TC02_Login" name="testLogin" time="1.217"/>
</testsuite> <!-- firefoxTest -->
