<?xml version="1.0" encoding="UTF-8"?>
<testsuite xmlns:xsi="http://www.w3.org/2001/XMLSchema-instance" xsi:noNamespaceSchemaLocation="https://maven.apache.org/surefire/maven-surefire-plugin/xsd/surefire-test-report.xsd" version="3.0.2" name="TestSuite" time="112.137" tests="27" errors="0" skipped="0" failures="0">
  <properties>
[...]
</properties>
  <testcase name="addToCart" classname="testCases.TC04_CompletePurchase_SidCode" time="67.661">
    <system-out><![CDATA[2025-05-20T19:55:01.987726100Z main INFO Starting configuration XmlConfiguration[location=C:\Workspace\NinjaV6\target\test-classes\log4j2.xml, lastModified=2025-05-16T20:10:41.045Z]...
2025-05-20T19:55:01.988724900Z main INFO Start watching for changes to C:\Workspace\NinjaV6\target\test-classes\log4j2.xml every 0 seconds
2025-05-20T19:55:01.989726300Z main INFO Configuration XmlConfiguration[location=C:\Workspace\NinjaV6\target\test-classes\log4j2.xml, lastModified=2025-05-16T20:10:41.045Z] started.
2025-05-20T19:55:01.991725800Z main INFO Stopping configuration org.apache.logging.log4j.core.config.DefaultConfiguration@45d84a20...
2025-05-20T19:55:01.992139500Z main INFO Configuration org.apache.logging.log4j.core.config.DefaultConfiguration@45d84a20 stopped.
]]></system-out>
    <system-err><![CDATA[SLF4J(W): No SLF4J providers were found.
SLF4J(W): Defaulting to no-operation (NOP) logger implementation
SLF4J(W): See https://www.slf4j.org/codes.html#noProviders for further details.
SLF4J(W): Class path contains SLF4J bindings targeting slf4j-api versions 1.7.x or earlier.
SLF4J(W): Ignoring binding found at [jar:file:/C:/Users/imsmi/.m2/repository/org/apache/logging/log4j/log4j-slf4j-impl/2.24.3/log4j-slf4j-impl-2.24.3.jar!/org/slf4j/impl/StaticLoggerBinder.class]
SLF4J(W): See https://www.slf4j.org/codes.html#ignoredBindings for an explanation.
May 20, 2025 3:55:02 PM org.openqa.selenium.remote.tracing.opentelemetry.OpenTelemetryTracer createTracer
INFO: Using OpenTelemetry for tracing
]]></system-err>
  </testcase>
  <testcase name="addToCart" classname="testCases.TC04_CompletePurchase_SidCode" time="67.972"/>
  <testcase name="addToCart" classname="testCases.TC04_CompletePurchase_SidCode" time="68.772"/>
  <testcase name="testLaunchApplication" classname="testCases.TC01_LaunchApplication" time="0.019"/>
  <testcase name="testLaunchApplication" classname="testCases.TC01_LaunchApplication" time="0.021"/>
  <testcase name="testLaunchApplication" classname="testCases.TC01_LaunchApplication" time="0.049"/>
  <testcase name="addToCart" classname="testCases.TC03_AddToCart" time="1.109"/>
  <testcase name="addToCart" classname="testCases.TC03_AddToCart" time="0.319"/>
  <testcase name="addToCart" classname="testCases.TC03_AddToCart" time="3.575"/>
  <testcase name="testAddAffiliate" classname="testCases.TC06_AddAffiliate" time="0.135"/>
  <testcase name="testAddAffiliate" classname="testCases.TC06_AddAffiliate" time="4.105"/>
  <testcase name="testAddAffiliate" classname="testCases.TC06_AddAffiliate" time="0.778"/>
  <testcase name="testLogin[smitasharma.qa@gmail.com, ss*QA123](1)" classname="testCases.TC02_Login" time="0.862"/>
  <testcase name="testLogin[smitasharma.qa@gmail.com, ss*QA123](1)" classname="testCases.TC02_Login" time="0.573"/>
  <testcase name="testLogin[smitasharma.qa@gmail.com, ss*QA123](1)" classname="testCases.TC02_Login" time="1.659"/>
  <testcase name="testLogin[nona@yahoo.com, QWER!@#$](2)" classname="testCases.TC02_Login" time="1.823"/>
  <testcase name="testLogin[nona@yahoo.com, QWER!@#$](2)" classname="testCases.TC02_Login" time="0.442"/>
  <testcase name="testLogin[nona@yahoo.com, QWER!@#$](2)" classname="testCases.TC02_Login" time="1.468"/>
  <testcase name="testLogin[sid@cloudberry.services, Test123](3)" classname="testCases.TC02_Login" time="1.069"/>
  <testcase name="testLogin[sid@cloudberry.services, Test123](3)" classname="testCases.TC02_Login" time="1.613"/>
  <testcase name="testLogin[sid@cloudberry.services, Test123](3)" classname="testCases.TC02_Login" time="1.313"/>
  <testcase name="testLogin[apushedwoman@gmail.com, password123](4)" classname="testCases.TC02_Login" time="0.997"/>
  <testcase name="testLogin[apushedwoman@gmail.com, password123](4)" classname="testCases.TC02_Login" time="1.574"/>
  <testcase name="testLogin[apushedwoman@gmail.com, password123](4)" classname="testCases.TC02_Login" time="1.233"/>
  <testcase name="testLogin[hichamkhachiai@gmail.com, hicham123](5)" classname="testCases.TC02_Login" time="1.425"/>
  <testcase name="testLogin[hichamkhachiai@gmail.com, hicham123](5)" classname="testCases.TC02_Login" time="1.409"/>
  <testcase name="testLogin[hichamkhachiai@gmail.com, hicham123](5)" classname="testCases.TC02_Login" time="1.217"/>
</testsuite>